<?xml version="1.0" encoding="UTF-8" ?>
<testsuite errors="0" failures="0" hostname="localhost.localdomain" name="org.jruby.ext.krypt.asn1.ParserTest" tests="7" time="0.09" timestamp="2011-11-04T02:43:56">
  <properties>
[...]
</properties>
  <testcase classname="org.jruby.ext.krypt.asn1.ParserTest" name="parseTokensSkippingTopLevel" time="0.009" />
  <testcase classname="org.jruby.ext.krypt.asn1.ParserTest" name="parseTokensSkipping" time="0.0" />
  <testcase classname="org.jruby.ext.krypt.asn1.ParserTest" name="consumeAllStreams" time="0.002" />
  <testcase classname="org.jruby.ext.krypt.asn1.ParserTest" name="infiniteLengthParsingValuesOnly" time="0.003" />
  <testcase classname="org.jruby.ext.krypt.asn1.ParserTest" name="consumeTopLevelStream" time="0.0" />
  <testcase classname="org.jruby.ext.krypt.asn1.ParserTest" name="parseTokensAndTestMethods" time="0.0" />
  <testcase classname="org.jruby.ext.krypt.asn1.ParserTest" name="infiniteLengthParsing" time="0.0" />
  <system-out><![CDATA[]]></system-out>
  <system-err><![CDATA[]]></system-err>
</testsuite>
